2022-04-14 12:39:18,708 - INFO: Connected to the Internet!
2022-04-14 12:39:36,327 - INFO: Checking for the existence of Wallet: 0xb8758abcf73e8c485d26aea873f9ab0c780a4f40...
2022-04-14 12:39:36,328 - INFO: Please wait...
2022-04-14 12:40:24,575 - INFO: Wallet address: 0xb8758abcf73e8c485d26aea873f9ab0c780a4f40 exist!
2022-04-14 12:40:26,837 - INFO: Trying to extract details of all asset(s) in 0xb8758abcf73e8c485d26aea873f9ab0c780a4f40...
2022-04-14 12:40:27,482 - INFO: There are a total of 30 asset(s) in 0xb8758abcf73e8c485d26aea873f9ab0c780a4f40!
You can press 'CTRL C' to PAUSE the extraction process!
2022-04-14 12:40:30,957 - INFO: Wallet: 0xb8758abcf73e8c485d26aea873f9ab0c780a4f40 - BestAir.io extracted - [1 of 30 asset(s)]
2022-04-14 12:40:32,432 - INFO: Wallet: 0xb8758abcf73e8c485d26aea873f9ab0c780a4f40 - Zepe.io extracted - [2 of 30 asset(s)]
2022-04-14 12:40:32,968 - INFO: Wallet: 0xb8758abcf73e8c485d26aea873f9ab0c780a4f40 - PDot.io extracted - [3 of 30 asset(s)]
2022-04-14 12:40:34,694 - INFO: Wallet: 0xb8758abcf73e8c485d26aea873f9ab0c780a4f40 - bStake.net extracted - [4 of 30 asset(s)]
2022-04-14 12:40:36,259 - INFO: Wallet: 0xb8758abcf73e8c485d26aea873f9ab0c780a4f40 - MMdex.io extracted - [5 of 30 asset(s)]
2022-04-14 12:40:36,822 - INFO: Wallet: 0xb8758abcf73e8c485d26aea873f9ab0c780a4f40 - Everdome extracted - [6 of 30 asset(s)]
2022-04-14 12:40:37,326 - INFO: Wallet: 0xb8758abcf73e8c485d26aea873f9ab0c780a4f40 - AgileSwap.io extracted - [7 of 30 asset(s)]
2022-04-14 12:40:38,091 - INFO: Wallet: 0xb8758abcf73e8c485d26aea873f9ab0c780a4f40 - BGGB.org extracted - [8 of 30 asset(s)]
2022-04-14 12:40:39,357 - INFO: Wallet: 0xb8758abcf73e8c485d26aea873f9ab0c780a4f40 - APE8.io extracted - [9 of 30 asset(s)]
2022-04-14 12:40:39,742 - INFO: Wallet: 0xb8758abcf73e8c485d26aea873f9ab0c780a4f40 - DragonBallsToken extracted - [10 of 30 asset(s)]
2022-04-14 12:40:40,135 - INFO: Wallet: 0xb8758abcf73e8c485d26aea873f9ab0c780a4f40 - OrbitDefi.org extracted - [11 of 30 asset(s)]
2022-04-14 12:40:40,692 - INFO: Wallet: 0xb8758abcf73e8c485d26aea873f9ab0c780a4f40 - MyGetRichToken extracted - [12 of 30 asset(s)]
2022-04-14 12:40:41,232 - INFO: Wallet: 0xb8758abcf73e8c485d26aea873f9ab0c780a4f40 - XM6.io extracted - [13 of 30 asset(s)]
2022-04-14 12:40:41,506 - INFO: Wallet: 0xb8758abcf73e8c485d26aea873f9ab0c780a4f40 - AZSwap.io extracted - [14 of 30 asset(s)]
2022-04-14 12:40:41,874 - INFO: Wallet: 0xb8758abcf73e8c485d26aea873f9ab0c780a4f40 - 0Army.io extracted - [15 of 30 asset(s)]
2022-04-14 12:40:42,313 - INFO: Wallet: 0xb8758abcf73e8c485d26aea873f9ab0c780a4f40 - AkkSwap.io extracted - [16 of 30 asset(s)]
2022-04-14 12:40:43,364 - INFO: Wallet: 0xb8758abcf73e8c485d26aea873f9ab0c780a4f40 - BeeToken extracted - [17 of 30 asset(s)]
2022-04-14 12:40:44,031 - INFO: Wallet: 0xb8758abcf73e8c485d26aea873f9ab0c780a4f40 - CryptoInu extracted - [18 of 30 asset(s)]
2022-04-14 12:40:44,690 - INFO: Wallet: 0xb8758abcf73e8c485d26aea873f9ab0c780a4f40 - 0ceanCoin.io extracted - [19 of 30 asset(s)]
2022-04-14 12:40:45,296 - INFO: Wallet: 0xb8758abcf73e8c485d26aea873f9ab0c780a4f40 - GRCC extracted - [20 of 30 asset(s)]
2022-04-14 12:40:45,723 - INFO: Wallet: 0xb8758abcf73e8c485d26aea873f9ab0c780a4f40 - BNB extracted - [21 of 30 asset(s)]
2022-04-14 12:40:47,330 - INFO: Wallet: 0xb8758abcf73e8c485d26aea873f9ab0c780a4f40 - Metahero extracted - [22 of 30 asset(s)]
2022-04-14 12:40:48,593 - INFO: Wallet: 0xb8758abcf73e8c485d26aea873f9ab0c780a4f40 - Everdome extracted - [23 of 30 asset(s)]
2022-04-14 12:40:49,182 - INFO: Wallet: 0xb8758abcf73e8c485d26aea873f9ab0c780a4f40 - rocketboys.io extracted - [24 of 30 asset(s)]
2022-04-14 12:40:49,580 - INFO: Wallet: 0xb8758abcf73e8c485d26aea873f9ab0c780a4f40 - Milkyswap.io extracted - [25 of 30 asset(s)]
2022-04-14 12:40:50,366 - INFO: Wallet: 0xb8758abcf73e8c485d26aea873f9ab0c780a4f40 - BusdSwap.io extracted - [26 of 30 asset(s)]
2022-04-14 12:40:51,266 - INFO: Wallet: 0xb8758abcf73e8c485d26aea873f9ab0c780a4f40 - XRPToken extracted - [27 of 30 asset(s)]
2022-04-14 12:40:51,761 - INFO: Wallet: 0xb8758abcf73e8c485d26aea873f9ab0c780a4f40 - MiniDoge.io extracted - [28 of 30 asset(s)]
2022-04-14 12:40:52,388 - INFO: Wallet: 0xb8758abcf73e8c485d26aea873f9ab0c780a4f40 - KAINET extracted - [29 of 30 asset(s)]
2022-04-14 12:40:53,365 - INFO: Wallet: 0xb8758abcf73e8c485d26aea873f9ab0c780a4f40 - CatBoy extracted - [30 of 30 asset(s)]
2022-04-14 12:40:53,366 - INFO: Extraction from Wallet: 0xb8758abcf73e8c485d26aea873f9ab0c780a4f40 completed. Extracted [30 of 30 asset(s)]
2022-04-14 12:40:58,333 - INFO: Data saved as: 'Wallet Result.csv' in 'Results' directory!
2022-04-14 14:44:28,143 - INFO: Connected to the Internet!
2022-04-14 14:44:34,542 - INFO: Checking for the existence of Wallet: 0x6a7ba050d4abbb6948342d557f60d7bdd2ee30cc...
2022-04-14 14:44:34,543 - INFO: Please wait...
2022-04-14 14:45:25,344 - INFO: Wallet address: 0x6a7ba050d4abbb6948342d557f60d7bdd2ee30cc exist!
2022-04-14 14:45:29,351 - INFO: Trying to extract details of all asset(s) in 0x6a7ba050d4abbb6948342d557f60d7bdd2ee30cc...
2022-04-14 14:45:32,445 - INFO: There are a total of 128 asset(s) in 0x6a7ba050d4abbb6948342d557f60d7bdd2ee30cc, this might take longer time to be completed...
You can press 'CTRL C' to PAUSE the extraction process!
2022-04-14 14:46:16,426 - INFO: Wallet: 0x6a7ba050d4abbb6948342d557f60d7bdd2ee30cc - ApeCoin.com.de extracted - [1 of 128 asset(s)]
2022-04-14 14:46:41,544 - INFO: Wallet: 0x6a7ba050d4abbb6948342d557f60d7bdd2ee30cc - AA8.io extracted - [2 of 128 asset(s)]
2022-04-14 14:46:54,076 - INFO: Wallet: 0x6a7ba050d4abbb6948342d557f60d7bdd2ee30cc - bStake.net extracted - [3 of 128 asset(s)]
2022-04-14 14:47:03,494 - INFO: Wallet: 0x6a7ba050d4abbb6948342d557f60d7bdd2ee30cc - AgileSwap.io extracted - [4 of 128 asset(s)]
2022-04-14 14:47:13,521 - INFO: Wallet: 0x6a7ba050d4abbb6948342d557f60d7bdd2ee30cc - MarvinInu extracted - [5 of 128 asset(s)]
2022-04-14 14:47:17,706 - INFO: Wallet: 0x6a7ba050d4abbb6948342d557f60d7bdd2ee30cc - BNB extracted - [6 of 128 asset(s)]
2022-04-14 14:47:21,845 - INFO: Wallet: 0x6a7ba050d4abbb6948342d557f60d7bdd2ee30cc - BGGB.org extracted - [7 of 128 asset(s)]
2022-04-14 14:47:27,273 - INFO: Wallet: 0x6a7ba050d4abbb6948342d557f60d7bdd2ee30cc - APE8.io extracted - [8 of 128 asset(s)]
2022-04-14 14:48:14,030 - INFO: Wallet: 0x6a7ba050d4abbb6948342d557f60d7bdd2ee30cc - PETAVERSE extracted - [9 of 128 asset(s)]
2022-04-14 14:49:03,643 - INFO: Wallet: 0x6a7ba050d4abbb6948342d557f60d7bdd2ee30cc - UkraineGovernanceToken extracted - [10 of 128 asset(s)]
2022-04-14 14:49:55,954 - INFO: Wallet: 0x6a7ba050d4abbb6948342d557f60d7bdd2ee30cc - Elon'sCurrency extracted - [11 of 128 asset(s)]
2022-04-14 14:50:52,803 - INFO: Wallet: 0x6a7ba050d4abbb6948342d557f60d7bdd2ee30cc - CatBoy extracted - [12 of 128 asset(s)]
2022-04-14 14:51:50,737 - INFO: Wallet: 0x6a7ba050d4abbb6948342d557f60d7bdd2ee30cc - MyGetRichToken extracted - [13 of 128 asset(s)]
2022-04-14 14:53:26,810 - INFO: Wallet: 0x6a7ba050d4abbb6948342d557f60d7bdd2ee30cc - Flokimon extracted - [14 of 128 asset(s)]
2022-04-14 14:54:09,941 - INFO: Wallet: 0x6a7ba050d4abbb6948342d557f60d7bdd2ee30cc - CatYachtClubV2 extracted - [15 of 128 asset(s)]
2022-04-14 14:55:05,624 - INFO: Wallet: 0x6a7ba050d4abbb6948342d557f60d7bdd2ee30cc - ShibaVerse extracted - [16 of 128 asset(s)]
2022-04-14 14:56:02,852 - INFO: Wallet: 0x6a7ba050d4abbb6948342d557f60d7bdd2ee30cc - DragonBallsToken extracted - [17 of 128 asset(s)]
2022-04-14 14:56:37,475 - INFO: Wallet: 0x6a7ba050d4abbb6948342d557f60d7bdd2ee30cc - DogCoin extracted - [18 of 128 asset(s)]
2022-04-14 14:56:57,176 - INFO: Wallet: 0x6a7ba050d4abbb6948342d557f60d7bdd2ee30cc - OrbitDefi.org extracted - [19 of 128 asset(s)]
2022-04-14 14:57:34,449 - INFO: Wallet: 0x6a7ba050d4abbb6948342d557f60d7bdd2ee30cc - BomberBabes extracted - [20 of 128 asset(s)]
2022-04-14 14:58:38,611 - INFO: Wallet: 0x6a7ba050d4abbb6948342d557f60d7bdd2ee30cc - 888Crypto.io extracted - [21 of 128 asset(s)]
2022-04-14 14:58:50,162 - INFO: Wallet: 0x6a7ba050d4abbb6948342d557f60d7bdd2ee30cc - BGGB.org extracted - [22 of 128 asset(s)]
2022-04-14 14:59:01,291 - INFO: Wallet: 0x6a7ba050d4abbb6948342d557f60d7bdd2ee30cc - MyGetRichToken extracted - [23 of 128 asset(s)]
2022-04-14 14:59:15,257 - INFO: Wallet: 0x6a7ba050d4abbb6948342d557f60d7bdd2ee30cc - XM6.io extracted - [24 of 128 asset(s)]
2022-04-14 14:59:53,882 - INFO: Wallet: 0x6a7ba050d4abbb6948342d557f60d7bdd2ee30cc - BUSD extracted - [25 of 128 asset(s)]
2022-04-14 15:00:29,291 - INFO: Wallet: 0x6a7ba050d4abbb6948342d557f60d7bdd2ee30cc - BUSDT extracted - [26 of 128 asset(s)]
2022-04-14 15:00:40,637 - INFO: Wallet: 0x6a7ba050d4abbb6948342d557f60d7bdd2ee30cc - Eterna extracted - [27 of 128 asset(s)]
2022-04-14 15:01:16,088 - INFO: Wallet: 0x6a7ba050d4abbb6948342d557f60d7bdd2ee30cc - MiloInu extracted - [28 of 128 asset(s)]
2022-04-14 15:01:39,937 - INFO: Wallet: 0x6a7ba050d4abbb6948342d557f60d7bdd2ee30cc - Safuu extracted - [29 of 128 asset(s)]
2022-04-14 15:01:54,355 - INFO: Wallet: 0x6a7ba050d4abbb6948342d557f60d7bdd2ee30cc - SBER extracted - [30 of 128 asset(s)]
2022-04-14 15:02:06,957 - INFO: Wallet: 0x6a7ba050d4abbb6948342d557f60d7bdd2ee30cc - OK extracted - [31 of 128 asset(s)]
2022-04-14 15:02:51,260 - INFO: Wallet: 0x6a7ba050d4abbb6948342d557f60d7bdd2ee30cc - OpenWorld extracted - [32 of 128 asset(s)]
2022-04-14 15:03:21,373 - INFO: Wallet: 0x6a7ba050d4abbb6948342d557f60d7bdd2ee30cc - FARMSKYLINESTOKEN extracted - [33 of 128 asset(s)]
2022-04-14 15:03:37,411 - INFO: Wallet: 0x6a7ba050d4abbb6948342d557f60d7bdd2ee30cc - SpacePiToken extracted - [34 of 128 asset(s)]
2022-04-14 15:04:31,165 - INFO: Wallet: 0x6a7ba050d4abbb6948342d557f60d7bdd2ee30cc - DOG extracted - [35 of 128 asset(s)]
2022-04-14 15:04:50,385 - INFO: Wallet: 0x6a7ba050d4abbb6948342d557f60d7bdd2ee30cc - TipsyCoin extracted - [36 of 128 asset(s)]
2022-04-14 15:05:02,649 - INFO: Wallet: 0x6a7ba050d4abbb6948342d557f60d7bdd2ee30cc - FlyApy extracted - [37 of 128 asset(s)]
2022-04-14 15:05:29,391 - INFO: Wallet: 0x6a7ba050d4abbb6948342d557f60d7bdd2ee30cc - Ratscoin extracted - [38 of 128 asset(s)]
2022-04-14 15:06:10,841 - INFO: Wallet: 0x6a7ba050d4abbb6948342d557f60d7bdd2ee30cc - GOATCOIN extracted - [39 of 128 asset(s)]
2022-04-14 15:06:52,876 - INFO: Wallet: 0x6a7ba050d4abbb6948342d557f60d7bdd2ee30cc - LiberCoin extracted - [40 of 128 asset(s)]
2022-04-14 15:07:16,637 - INFO: Wallet: 0x6a7ba050d4abbb6948342d557f60d7bdd2ee30cc - AZSwap.io extracted - [41 of 128 asset(s)]
2022-04-14 15:08:16,149 - INFO: Wallet: 0x6a7ba050d4abbb6948342d557f60d7bdd2ee30cc - CryptoInu extracted - [42 of 128 asset(s)]
2022-04-14 15:08:33,428 - INFO: Wallet: 0x6a7ba050d4abbb6948342d557f60d7bdd2ee30cc - WEB3Doge extracted - [43 of 128 asset(s)]
2022-04-14 15:09:23,467 - INFO: Wallet: 0x6a7ba050d4abbb6948342d557f60d7bdd2ee30cc - 0Army.io extracted - [44 of 128 asset(s)]
2022-04-14 15:09:56,761 - INFO: Wallet: 0x6a7ba050d4abbb6948342d557f60d7bdd2ee30cc - AkkSwap.io extracted - [45 of 128 asset(s)]
2022-04-14 15:10:19,613 - INFO: Wallet: 0x6a7ba050d4abbb6948342d557f60d7bdd2ee30cc - Catcoin extracted - [46 of 128 asset(s)]
2022-04-14 15:11:23,983 - INFO: Wallet: 0x6a7ba050d4abbb6948342d557f60d7bdd2ee30cc - BeeToken extracted - [47 of 128 asset(s)]
2022-04-14 15:11:46,111 - INFO: Wallet: 0x6a7ba050d4abbb6948342d557f60d7bdd2ee30cc - GafaDog extracted - [48 of 128 asset(s)]
2022-04-14 15:12:41,014 - INFO: Wallet: 0x6a7ba050d4abbb6948342d557f60d7bdd2ee30cc - 0ceanCoin.io extracted - [49 of 128 asset(s)]
2022-04-14 15:13:05,468 - INFO: Wallet: 0x6a7ba050d4abbb6948342d557f60d7bdd2ee30cc - BNBDROPcoin extracted - [50 of 128 asset(s)]
2022-04-14 15:14:06,828 - INFO: Wallet: 0x6a7ba050d4abbb6948342d557f60d7bdd2ee30cc - GARYSNAILCOIN extracted - [51 of 128 asset(s)]
2022-04-14 15:14:30,898 - INFO: Wallet: 0x6a7ba050d4abbb6948342d557f60d7bdd2ee30cc - CatBoy2.0 extracted - [52 of 128 asset(s)]
2022-04-14 15:14:46,839 - INFO: Wallet: 0x6a7ba050d4abbb6948342d557f60d7bdd2ee30cc - AutoDonateUkraine extracted - [53 of 128 asset(s)]
2022-04-14 15:16:36,674 - INFO: Wallet: 0x6a7ba050d4abbb6948342d557f60d7bdd2ee30cc - KITTENCOIN extracted - [54 of 128 asset(s)]
2022-04-14 15:16:55,151 - INFO: Wallet: 0x6a7ba050d4abbb6948342d557f60d7bdd2ee30cc - GoddessSekhmetCoin extracted - [55 of 128 asset(s)]
2022-04-14 15:17:28,670 - INFO: Wallet: 0x6a7ba050d4abbb6948342d557f60d7bdd2ee30cc - Boremon extracted - [56 of 128 asset(s)]
2022-04-14 15:18:36,296 - INFO: Wallet: 0x6a7ba050d4abbb6948342d557f60d7bdd2ee30cc - LunaRushToken extracted - [57 of 128 asset(s)]
2022-04-14 15:18:55,442 - INFO: Wallet: 0x6a7ba050d4abbb6948342d557f60d7bdd2ee30cc - GreenCat extracted - [58 of 128 asset(s)]
2022-04-14 15:19:40,963 - INFO: Wallet: 0x6a7ba050d4abbb6948342d557f60d7bdd2ee30cc - TheKing extracted - [59 of 128 asset(s)]
2022-04-14 15:19:59,256 - INFO: Wallet: 0x6a7ba050d4abbb6948342d557f60d7bdd2ee30cc - MeowCoin extracted - [60 of 128 asset(s)]
2022-04-14 15:20:15,068 - INFO: Wallet: 0x6a7ba050d4abbb6948342d557f60d7bdd2ee30cc - LoveUkraine extracted - [61 of 128 asset(s)]
2022-04-14 15:20:34,153 - INFO: Wallet: 0x6a7ba050d4abbb6948342d557f60d7bdd2ee30cc - Unicat extracted - [62 of 128 asset(s)]
2022-04-14 15:20:53,959 - INFO: Wallet: 0x6a7ba050d4abbb6948342d557f60d7bdd2ee30cc - Nekocoin extracted - [63 of 128 asset(s)]
2022-04-14 15:21:14,997 - INFO: Wallet: 0x6a7ba050d4abbb6948342d557f60d7bdd2ee30cc - Avalanche extracted - [64 of 128 asset(s)]
2022-04-14 15:21:32,902 - INFO: Wallet: 0x6a7ba050d4abbb6948342d557f60d7bdd2ee30cc - CatYachtClub extracted - [65 of 128 asset(s)]
2022-04-14 15:21:50,517 - INFO: Wallet: 0x6a7ba050d4abbb6948342d557f60d7bdd2ee30cc - MoonWorms extracted - [66 of 128 asset(s)]
2022-04-14 15:22:08,289 - INFO: Wallet: 0x6a7ba050d4abbb6948342d557f60d7bdd2ee30cc - Paragen extracted - [67 of 128 asset(s)]
2022-04-14 15:22:29,872 - INFO: Wallet: 0x6a7ba050d4abbb6948342d557f60d7bdd2ee30cc - DinolandMetaverse extracted - [68 of 128 asset(s)]
2022-04-14 15:22:39,669 - INFO: Wallet: 0x6a7ba050d4abbb6948342d557f60d7bdd2ee30cc - rocketboys.io extracted - [69 of 128 asset(s)]
2022-04-14 15:22:59,893 - INFO: Wallet: 0x6a7ba050d4abbb6948342d557f60d7bdd2ee30cc - KATZ extracted - [70 of 128 asset(s)]
2022-04-14 15:23:19,684 - INFO: Wallet: 0x6a7ba050d4abbb6948342d557f60d7bdd2ee30cc - Galeon extracted - [71 of 128 asset(s)]
2022-04-14 15:23:40,383 - INFO: Wallet: 0x6a7ba050d4abbb6948342d557f60d7bdd2ee30cc - ExaDarkSiderael extracted - [72 of 128 asset(s)]
2022-04-14 15:23:57,602 - INFO: Wallet: 0x6a7ba050d4abbb6948342d557f60d7bdd2ee30cc - ULTRASAFUU extracted - [73 of 128 asset(s)]
2022-04-14 15:24:14,562 - INFO: Wallet: 0x6a7ba050d4abbb6948342d557f60d7bdd2ee30cc - MiniDoge.io extracted - [74 of 128 asset(s)]
2022-04-14 15:24:34,445 - INFO: Wallet: 0x6a7ba050d4abbb6948342d557f60d7bdd2ee30cc - LESLARMetaverse extracted - [75 of 128 asset(s)]
2022-04-14 15:24:53,162 - INFO: Wallet: 0x6a7ba050d4abbb6948342d557f60d7bdd2ee30cc - HelloKitty extracted - [76 of 128 asset(s)]
2022-04-14 15:25:12,328 - INFO: Wallet: 0x6a7ba050d4abbb6948342d557f60d7bdd2ee30cc - CATARM extracted - [77 of 128 asset(s)]
2022-04-14 15:25:32,641 - INFO: Wallet: 0x6a7ba050d4abbb6948342d557f60d7bdd2ee30cc - Fenomy extracted - [78 of 128 asset(s)]
2022-04-14 15:25:52,573 - INFO: Wallet: 0x6a7ba050d4abbb6948342d557f60d7bdd2ee30cc - FLOKIEASTER extracted - [79 of 128 asset(s)]
2022-04-14 15:26:10,806 - INFO: Wallet: 0x6a7ba050d4abbb6948342d557f60d7bdd2ee30cc - DIVIDEND_TRACKER extracted - [80 of 128 asset(s)]
2022-04-14 15:26:32,162 - INFO: Wallet: 0x6a7ba050d4abbb6948342d557f60d7bdd2ee30cc - MightyCat extracted - [81 of 128 asset(s)]
2022-04-14 15:26:52,633 - INFO: Wallet: 0x6a7ba050d4abbb6948342d557f60d7bdd2ee30cc - SafuuDoge extracted - [82 of 128 asset(s)]
2022-04-14 15:27:15,170 - INFO: Wallet: 0x6a7ba050d4abbb6948342d557f60d7bdd2ee30cc - LoopNetwork extracted - [83 of 128 asset(s)]
2022-04-14 15:27:39,289 - INFO: Wallet: 0x6a7ba050d4abbb6948342d557f60d7bdd2ee30cc - LoopSwap extracted - [84 of 128 asset(s)]
2022-04-14 15:28:01,140 - INFO: Wallet: 0x6a7ba050d4abbb6948342d557f60d7bdd2ee30cc - MetaGameSpace extracted - [85 of 128 asset(s)]
2022-04-14 15:28:30,835 - INFO: Wallet: 0x6a7ba050d4abbb6948342d557f60d7bdd2ee30cc - SecretWorld extracted - [86 of 128 asset(s)]
2022-04-14 15:28:50,556 - INFO: Wallet: 0x6a7ba050d4abbb6948342d557f60d7bdd2ee30cc - GreenMetaverseToken extracted - [87 of 128 asset(s)]
2022-04-14 15:29:10,184 - INFO: Wallet: 0x6a7ba050d4abbb6948342d557f60d7bdd2ee30cc - FistToken extracted - [88 of 128 asset(s)]
2022-04-14 15:29:31,312 - INFO: Wallet: 0x6a7ba050d4abbb6948342d557f60d7bdd2ee30cc - WingsProtocol extracted - [89 of 128 asset(s)]
2022-04-14 15:29:51,057 - INFO: Wallet: 0x6a7ba050d4abbb6948342d557f60d7bdd2ee30cc - ELONACOIN extracted - [90 of 128 asset(s)]
2022-04-14 15:30:13,485 - INFO: Wallet: 0x6a7ba050d4abbb6948342d557f60d7bdd2ee30cc - SuperSafuu extracted - [91 of 128 asset(s)]
2022-04-14 15:30:35,581 - INFO: Wallet: 0x6a7ba050d4abbb6948342d557f60d7bdd2ee30cc - Mercury extracted - [92 of 128 asset(s)]
2022-04-14 15:30:56,761 - INFO: Wallet: 0x6a7ba050d4abbb6948342d557f60d7bdd2ee30cc - SpaceMeta extracted - [93 of 128 asset(s)]
2022-04-14 15:31:16,506 - INFO: Wallet: 0x6a7ba050d4abbb6948342d557f60d7bdd2ee30cc - DIVIDEND_TRACKER extracted - [94 of 128 asset(s)]
2022-04-14 15:31:38,060 - INFO: Wallet: 0x6a7ba050d4abbb6948342d557f60d7bdd2ee30cc - horgi extracted - [95 of 128 asset(s)]
2022-04-14 15:32:00,958 - INFO: Wallet: 0x6a7ba050d4abbb6948342d557f60d7bdd2ee30cc - Overpowered extracted - [96 of 128 asset(s)]
2022-04-14 15:32:22,592 - INFO: Wallet: 0x6a7ba050d4abbb6948342d557f60d7bdd2ee30cc - St.PatricksCoin extracted - [97 of 128 asset(s)]
2022-04-14 15:32:45,773 - INFO: Wallet: 0x6a7ba050d4abbb6948342d557f60d7bdd2ee30cc - BabyEterna extracted - [98 of 128 asset(s)]
2022-04-14 15:33:05,089 - INFO: Wallet: 0x6a7ba050d4abbb6948342d557f60d7bdd2ee30cc - AssHolePutin.org extracted - [99 of 128 asset(s)]
2022-04-14 15:33:33,097 - INFO: Wallet: 0x6a7ba050d4abbb6948342d557f60d7bdd2ee30cc - WIRTUAL extracted - [100 of 128 asset(s)]
2022-04-14 15:33:56,529 - INFO: Wallet: 0x6a7ba050d4abbb6948342d557f60d7bdd2ee30cc - ApeArm extracted - [101 of 128 asset(s)]
2022-04-14 15:34:20,397 - INFO: Wallet: 0x6a7ba050d4abbb6948342d557f60d7bdd2ee30cc - MicroCats extracted - [102 of 128 asset(s)]
2022-04-14 15:34:43,486 - INFO: Wallet: 0x6a7ba050d4abbb6948342d557f60d7bdd2ee30cc - GoldNugget extracted - [103 of 128 asset(s)]
2022-04-14 15:35:07,685 - INFO: Wallet: 0x6a7ba050d4abbb6948342d557f60d7bdd2ee30cc - ZenMoon extracted - [104 of 128 asset(s)]
2022-04-14 15:35:47,501 - INFO: Wallet: 0x6a7ba050d4abbb6948342d557f60d7bdd2ee30cc - PLOT extracted - [105 of 128 asset(s)]
2022-04-14 15:36:10,383 - INFO: Wallet: 0x6a7ba050d4abbb6948342d557f60d7bdd2ee30cc - BabyCatBoy extracted - [106 of 128 asset(s)]
2022-04-14 15:36:33,493 - INFO: Wallet: 0x6a7ba050d4abbb6948342d557f60d7bdd2ee30cc - METAAPEGANGCOIN extracted - [107 of 128 asset(s)]
2022-04-14 15:36:58,024 - INFO: Wallet: 0x6a7ba050d4abbb6948342d557f60d7bdd2ee30cc - GRAPEAPE extracted - [108 of 128 asset(s)]
2022-04-14 15:37:22,387 - INFO: Wallet: 0x6a7ba050d4abbb6948342d557f60d7bdd2ee30cc - Cryptopool extracted - [109 of 128 asset(s)]
2022-04-14 15:37:45,214 - INFO: Wallet: 0x6a7ba050d4abbb6948342d557f60d7bdd2ee30cc - UltraSafeMoon extracted - [110 of 128 asset(s)]
2022-04-14 15:38:11,904 - INFO: Wallet: 0x6a7ba050d4abbb6948342d557f60d7bdd2ee30cc - PlexusDAO extracted - [111 of 128 asset(s)]
2022-04-14 15:38:34,541 - INFO: Wallet: 0x6a7ba050d4abbb6948342d557f60d7bdd2ee30cc - Ape-Swap.io extracted - [112 of 128 asset(s)]
2022-04-14 15:38:58,799 - INFO: Wallet: 0x6a7ba050d4abbb6948342d557f60d7bdd2ee30cc - Dripto extracted - [113 of 128 asset(s)]
2022-04-14 15:39:24,519 - INFO: Wallet: 0x6a7ba050d4abbb6948342d557f60d7bdd2ee30cc - SharkShakeSea extracted - [114 of 128 asset(s)]
2022-04-14 15:39:49,769 - INFO: Wallet: 0x6a7ba050d4abbb6948342d557f60d7bdd2ee30cc - KEIKO extracted - [115 of 128 asset(s)]
2022-04-14 15:40:14,907 - INFO: Wallet: 0x6a7ba050d4abbb6948342d557f60d7bdd2ee30cc - GamiToken extracted - [116 of 128 asset(s)]
2022-04-14 15:40:40,876 - INFO: Wallet: 0x6a7ba050d4abbb6948342d557f60d7bdd2ee30cc - CatYachtClubV2 extracted - [117 of 128 asset(s)]
2022-04-14 15:41:07,023 - INFO: Wallet: 0x6a7ba050d4abbb6948342d557f60d7bdd2ee30cc - FadoGo extracted - [118 of 128 asset(s)]
2022-04-14 15:41:31,714 - INFO: Wallet: 0x6a7ba050d4abbb6948342d557f60d7bdd2ee30cc - Betero extracted - [119 of 128 asset(s)]
2022-04-14 15:41:58,473 - INFO: Wallet: 0x6a7ba050d4abbb6948342d557f60d7bdd2ee30cc - MStationToken extracted - [120 of 128 asset(s)]
2022-04-14 15:42:24,891 - INFO: Wallet: 0x6a7ba050d4abbb6948342d557f60d7bdd2ee30cc - Catpay extracted - [121 of 128 asset(s)]
2022-04-14 15:42:52,119 - INFO: Wallet: 0x6a7ba050d4abbb6948342d557f60d7bdd2ee30cc - BleuFi extracted - [122 of 128 asset(s)]
2022-04-14 15:43:15,743 - INFO: Wallet: 0x6a7ba050d4abbb6948342d557f60d7bdd2ee30cc - 0AssHolePutin.com extracted - [123 of 128 asset(s)]
2022-04-14 15:43:39,423 - INFO: Wallet: 0x6a7ba050d4abbb6948342d557f60d7bdd2ee30cc - LUNA-Swap.io extracted - [124 of 128 asset(s)]
2022-04-14 15:44:04,458 - INFO: Wallet: 0x6a7ba050d4abbb6948342d557f60d7bdd2ee30cc - Synthetix.live extracted - [125 of 128 asset(s)]
2022-04-14 15:44:32,928 - INFO: Wallet: 0x6a7ba050d4abbb6948342d557f60d7bdd2ee30cc - Senspark extracted - [126 of 128 asset(s)]
2022-04-14 15:45:00,067 - INFO: Wallet: 0x6a7ba050d4abbb6948342d557f60d7bdd2ee30cc - BabyStarlinkInu extracted - [127 of 128 asset(s)]
2022-04-14 15:45:27,107 - INFO: Wallet: 0x6a7ba050d4abbb6948342d557f60d7bdd2ee30cc - StarlinkInu extracted - [128 of 128 asset(s)]
2022-04-14 15:45:27,108 - INFO: Extraction from Wallet: 0x6a7ba050d4abbb6948342d557f60d7bdd2ee30cc completed. Extracted [128 of 128 asset(s)]
2022-04-14 15:45:35,629 - INFO: Data saved as: 'Wallet Result.csv' in 'Results' directory!
2022-04-14 16:45:54,758 - INFO: Connected to the Internet!
2022-04-14 16:45:59,516 - INFO: Checking for the existence of Wallet: 0xe76bb0d9de5564057732eb84f375dd14355cd3cb...
2022-04-14 16:45:59,517 - INFO: Please wait...
2022-04-14 16:46:39,324 - INFO: Wallet address: 0xe76bb0d9de5564057732eb84f375dd14355cd3cb exist!
2022-04-14 16:46:44,396 - INFO: Trying to extract details of all asset(s) in 0xe76bb0d9de5564057732eb84f375dd14355cd3cb...
2022-04-14 16:46:46,875 - INFO: There are a total of 44 asset(s) in 0xe76bb0d9de5564057732eb84f375dd14355cd3cb!
You can press 'CTRL C' to PAUSE the extraction process!
2022-04-14 16:46:50,774 - INFO: Wallet: 0xe76bb0d9de5564057732eb84f375dd14355cd3cb - Zepe.io extracted - [1 of 44 asset(s)]
2022-04-14 16:46:51,380 - INFO: Wallet: 0xe76bb0d9de5564057732eb84f375dd14355cd3cb - VeloChain.io extracted - [2 of 44 asset(s)]
2022-04-14 16:46:51,979 - INFO: Wallet: 0xe76bb0d9de5564057732eb84f375dd14355cd3cb - ALPACAFIN.COM extracted - [3 of 44 asset(s)]
2022-04-14 16:46:52,530 - INFO: Wallet: 0xe76bb0d9de5564057732eb84f375dd14355cd3cb - BestAir.io extracted - [4 of 44 asset(s)]
2022-04-14 16:46:53,005 - INFO: Wallet: 0xe76bb0d9de5564057732eb84f375dd14355cd3cb - AGMC.io extracted - [5 of 44 asset(s)]
2022-04-14 16:46:53,549 - INFO: Wallet: 0xe76bb0d9de5564057732eb84f375dd14355cd3cb - Zepe.io extracted - [6 of 44 asset(s)]
2022-04-14 16:46:54,072 - INFO: Wallet: 0xe76bb0d9de5564057732eb84f375dd14355cd3cb - GoFlux.io extracted - [7 of 44 asset(s)]
2022-04-14 16:46:54,552 - INFO: Wallet: 0xe76bb0d9de5564057732eb84f375dd14355cd3cb - TheVera.io extracted - [8 of 44 asset(s)]
2022-04-14 16:46:55,017 - INFO: Wallet: 0xe76bb0d9de5564057732eb84f375dd14355cd3cb - bStake.net extracted - [9 of 44 asset(s)]
2022-04-14 16:46:55,409 - INFO: Wallet: 0xe76bb0d9de5564057732eb84f375dd14355cd3cb - XCH5.io extracted - [10 of 44 asset(s)]
2022-04-14 16:46:56,014 - INFO: Wallet: 0xe76bb0d9de5564057732eb84f375dd14355cd3cb - AgileSwap.io extracted - [11 of 44 asset(s)]
2022-04-14 16:46:56,716 - INFO: Wallet: 0xe76bb0d9de5564057732eb84f375dd14355cd3cb - usdswap.io extracted - [12 of 44 asset(s)]
2022-04-14 16:46:57,385 - INFO: Wallet: 0xe76bb0d9de5564057732eb84f375dd14355cd3cb - BGGB.org extracted - [13 of 44 asset(s)]
2022-04-14 16:46:57,959 - INFO: Wallet: 0xe76bb0d9de5564057732eb84f375dd14355cd3cb - ITAMCube extracted - [14 of 44 asset(s)]
2022-04-14 16:46:58,799 - INFO: Wallet: 0xe76bb0d9de5564057732eb84f375dd14355cd3cb - MinereumBSC extracted - [15 of 44 asset(s)]
2022-04-14 16:46:59,479 - INFO: Wallet: 0xe76bb0d9de5564057732eb84f375dd14355cd3cb - MetaQueen extracted - [16 of 44 asset(s)]
2022-04-14 16:47:00,433 - INFO: Wallet: 0xe76bb0d9de5564057732eb84f375dd14355cd3cb - BUSDT extracted - [17 of 44 asset(s)]
2022-04-14 16:47:01,530 - INFO: Wallet: 0xe76bb0d9de5564057732eb84f375dd14355cd3cb - CryptoGoldBox extracted - [18 of 44 asset(s)]
2022-04-14 16:47:02,345 - INFO: Wallet: 0xe76bb0d9de5564057732eb84f375dd14355cd3cb - PYE extracted - [19 of 44 asset(s)]
2022-04-14 16:47:03,009 - INFO: Wallet: 0xe76bb0d9de5564057732eb84f375dd14355cd3cb - 0ApplyRichToken extracted - [20 of 44 asset(s)]
2022-04-14 16:47:03,603 - INFO: Wallet: 0xe76bb0d9de5564057732eb84f375dd14355cd3cb - DAPPSY extracted - [21 of 44 asset(s)]
2022-04-14 16:47:04,287 - INFO: Wallet: 0xe76bb0d9de5564057732eb84f375dd14355cd3cb - pTokensCGG extracted - [22 of 44 asset(s)]
2022-04-14 16:47:04,846 - INFO: Wallet: 0xe76bb0d9de5564057732eb84f375dd14355cd3cb - KalmarToken extracted - [23 of 44 asset(s)]
2022-04-14 16:47:05,480 - INFO: Wallet: 0xe76bb0d9de5564057732eb84f375dd14355cd3cb - PancakeSwapToken extracted - [24 of 44 asset(s)]
2022-04-14 16:47:06,320 - INFO: Wallet: 0xe76bb0d9de5564057732eb84f375dd14355cd3cb - EverGrowCoin extracted - [25 of 44 asset(s)]
2022-04-14 16:47:06,843 - INFO: Wallet: 0xe76bb0d9de5564057732eb84f375dd14355cd3cb - BNB extracted - [26 of 44 asset(s)]
2022-04-14 16:47:07,456 - INFO: Wallet: 0xe76bb0d9de5564057732eb84f375dd14355cd3cb - BitWellToken extracted - [27 of 44 asset(s)]
2022-04-14 16:47:08,004 - INFO: Wallet: 0xe76bb0d9de5564057732eb84f375dd14355cd3cb - USD9.io extracted - [28 of 44 asset(s)]
2022-04-14 16:47:08,481 - INFO: Wallet: 0xe76bb0d9de5564057732eb84f375dd14355cd3cb - BUSD extracted - [29 of 44 asset(s)]
2022-04-14 16:47:09,175 - INFO: Wallet: 0xe76bb0d9de5564057732eb84f375dd14355cd3cb - SafeMoon extracted - [30 of 44 asset(s)]
2022-04-14 16:47:10,091 - INFO: Wallet: 0xe76bb0d9de5564057732eb84f375dd14355cd3cb - HYFI extracted - [31 of 44 asset(s)]
2022-04-14 16:47:10,813 - INFO: Wallet: 0xe76bb0d9de5564057732eb84f375dd14355cd3cb - BitWellToken extracted - [32 of 44 asset(s)]
2022-04-14 16:47:11,430 - INFO: Wallet: 0xe76bb0d9de5564057732eb84f375dd14355cd3cb - CumRocket extracted - [33 of 44 asset(s)]
2022-04-14 16:47:12,089 - INFO: Wallet: 0xe76bb0d9de5564057732eb84f375dd14355cd3cb - ANTISINU extracted - [34 of 44 asset(s)]
2022-04-14 16:47:12,519 - INFO: Wallet: 0xe76bb0d9de5564057732eb84f375dd14355cd3cb - 0ceanCoin.io extracted - [35 of 44 asset(s)]
2022-04-14 16:47:13,210 - INFO: Wallet: 0xe76bb0d9de5564057732eb84f375dd14355cd3cb - SafeMoon extracted - [36 of 44 asset(s)]
2022-04-14 16:47:13,883 - INFO: Wallet: 0xe76bb0d9de5564057732eb84f375dd14355cd3cb - AABEK.net extracted - [37 of 44 asset(s)]
2022-04-14 16:47:14,611 - INFO: Wallet: 0xe76bb0d9de5564057732eb84f375dd14355cd3cb - CREAMPYE extracted - [38 of 44 asset(s)]
2022-04-14 16:47:15,354 - INFO: Wallet: 0xe76bb0d9de5564057732eb84f375dd14355cd3cb - EthereumToken extracted - [39 of 44 asset(s)]
2022-04-14 16:47:15,957 - INFO: Wallet: 0xe76bb0d9de5564057732eb84f375dd14355cd3cb - PancakeLPs extracted - [40 of 44 asset(s)]
2022-04-14 16:47:16,728 - INFO: Wallet: 0xe76bb0d9de5564057732eb84f375dd14355cd3cb - ITAM extracted - [41 of 44 asset(s)]
2022-04-14 16:47:17,189 - INFO: Wallet: 0xe76bb0d9de5564057732eb84f375dd14355cd3cb - h3x.exchange extracted - [42 of 44 asset(s)]
2022-04-14 16:47:17,675 - INFO: Wallet: 0xe76bb0d9de5564057732eb84f375dd14355cd3cb - rocketboys.io extracted - [43 of 44 asset(s)]
2022-04-14 16:47:18,122 - INFO: Wallet: 0xe76bb0d9de5564057732eb84f375dd14355cd3cb - MiniDoge.io extracted - [44 of 44 asset(s)]
2022-04-14 16:47:18,123 - INFO: Extraction from Wallet: 0xe76bb0d9de5564057732eb84f375dd14355cd3cb completed. Extracted [44 of 44 asset(s)]
2022-04-14 16:47:21,557 - INFO: Data saved as: 'Wallet Result.csv' in 'Results' directory!
